<?xml version="1.0" encoding="UTF-8"?>
<!-- Generated by org.testng.reporters.JUnitXMLReporter -->
<testsuite ignored="0" hostname="Losuinda" failures="1" tests="2" name="Edgetest" time="11.105" errors="0" timestamp="2024-09-09T11:53:59 CEST">
  <testcase classname="testcases.TC001_AccountRegisterTest" name="verifyHomePage" time="0.963"/>
  <testcase classname="testcases.TC001_AccountRegisterTest" name="verifyRegister" time="0.005">
    <failure type="java.lang.AssertionError" message="null">
      <![CDATA[java.lang.AssertionError: null
at testcases.TC001_AccountRegisterTest.verifyRegister(TC001_AccountRegisterTest.java:49)
at java.base/java.util.ArrayList.forEach(ArrayList.java:1597)
... Removed 27 stack frames]]>
    </failure>
  </testcase> <!-- verifyRegister -->
</testsuite> <!-- Edgetest -->
