<?xml version="1.0" encoding="UTF-8"?>
<!-- Generated by org.testng.reporters.JUnitXMLReporter -->
<testsuite ignored="0" hostname="Losuinda" failures="0" tests="2" name="firefoxtest" time="0.022" errors="0" timestamp="2024-09-03T12:14:35 CEST">
  <testcase classname="testcases.TC002_LoginTest" name="clickLogin" time="0.0">
    <skipped/>
  </testcase> <!-- clickLogin -->
  <testcase classname="testcases.TC002_LoginTest" name="verifyLogin" time="0.0">
    <skipped/>
  </testcase> <!-- verifyLogin -->
</testsuite> <!-- firefoxtest -->
