<?xml version="1.0" encoding="UTF-8"?>
<!-- Generated by org.testng.reporters.JUnitXMLReporter -->
<testsuite ignored="0" hostname="Losuinda" failures="0" tests="2" name="linux-firefox" time="13.981" errors="0" timestamp="2024-09-09T17:27:17 CEST">
  <testcase classname="testcases.TC001_AccountRegisterTest" name="verifyHomePage" time="0.0">
    <skipped/>
  </testcase> <!-- verifyHomePage -->
  <testcase classname="testcases.TC001_AccountRegisterTest" name="verifyRegister" time="0.0">
    <skipped/>
  </testcase> <!-- verifyRegister -->
</testsuite> <!-- linux-firefox -->
