<?xml version="1.0" encoding="UTF-8"?>
<testng-results ignored="0" total="1" passed="1" failed="0" skipped="0">
  <reporter-output>
  </reporter-output>
  <suite started-at="2024-09-12T10:15:19 CEST" name="Suite" finished-at="2024-09-12T10:15:30 CEST" duration-ms="11126">
    <groups>
      <group name="Master">
        <method signature="TC002_LoginTest.clickLogin()[pri:0, instance:testcases.TC002_LoginTest@5fe94a96]" name="clickLogin" class="testcases.TC002_LoginTest"/>
      </group> <!-- Master -->
      <group name="Sanity">
        <method signature="TC002_LoginTest.clickLogin()[pri:0, instance:testcases.TC002_LoginTest@5fe94a96]" name="clickLogin" class="testcases.TC002_LoginTest"/>
      </group> <!-- Sanity -->
    </groups>
    <test started-at="2024-09-12T10:15:19 CEST" name="chrometest" finished-at="2024-09-12T10:15:30 CEST" duration-ms="11126">
      <class name="testcases.TC002_LoginTest">
        <test-method is-config="true" signature="setup(java.lang.String)[pri:0, instance:testcases.TC002_LoginTest@5fe94a96]" started-at="2024-09-12T10:15:19 CEST" name="setup" finished-at="2024-09-12T10:15:27 CEST" duration-ms="7606" status="PASS">
          <params>
            <param index="0">
              <value>
                <![CDATA[chrome]]>
              </value>
            </param>
          </params>
          <reporter-output>
          </reporter-output>
        </test-method> <!-- setup -->
        <test-method signature="clickLogin()[pri:0, instance:testcases.TC002_LoginTest@5fe94a96]" started-at="2024-09-12T10:15:27 CEST" name="clickLogin" finished-at="2024-09-12T10:15:30 CEST" duration-ms="2536" status="PASS">
          <reporter-output>
          </reporter-output>
        </test-method> <!-- clickLogin -->
        <test-method is-config="true" signature="tearDown()[pri:0, instance:testcases.TC002_LoginTest@5fe94a96]" started-at="2024-09-12T10:15:30 CEST" name="tearDown" finished-at="2024-09-12T10:15:30 CEST" duration-ms="510" status="PASS">
          <reporter-output>
          </reporter-output>
        </test-method> <!-- tearDown -->
        <test-method is-config="true" signature="tearDown()[pri:0, instance:testcases.TC002_LoginTest@5fe94a96]" started-at="2024-09-12T10:15:30 CEST" name="tearDown" finished-at="2024-09-12T10:15:30 CEST" duration-ms="20" status="PASS">
          <reporter-output>
          </reporter-output>
        </test-method> <!-- tearDown -->
      </class> <!-- testcases.TC002_LoginTest -->
    </test> <!-- chrometest -->
  </suite> <!-- Suite -->
</testng-results>
